{"/Users/apple/Projects/Temp/calculator/sample-calculator/src/data.ts": {"path":"/Users/apple/Projects/Temp/calculator/sample-calculator/src/data.ts","statementMap":{"0":{"start":{"line":1,"column":25},"end":{"line":11,"column":1}},"1":{"start":{"line":13,"column":33},"end":{"line":13,"column":53}},"2":{"start":{"line":14,"column":30},"end":{"line":14,"column":80}},"3":{"start":{"line":15,"column":29},"end":{"line":15,"column":45}}},"fnMap":{},"branchMap":{},"s":{"0":1,"1":1,"2":1,"3":1},"f":{},"b":{},"_coverageSchema":"1a1c01bbd47fc00a2c39e90264f33305004495a9","hash":"aca88b7b51e8464e5a4dd66ccdc277556f5929f8"}
,"/Users/apple/Projects/Temp/calculator/sample-calculator/src/utils.ts": {"path":"/Users/apple/Projects/Temp/calculator/sample-calculator/src/utils.ts","statementMap":{"0":{"start":{"line":3,"column":33},"end":{"line":31,"column":1}},"1":{"start":{"line":4,"column":13},"end":{"line":4,"column":23}},"2":{"start":{"line":5,"column":4},"end":{"line":11,"column":32}},"3":{"start":{"line":12,"column":4},"end":{"line":25,"column":5}},"4":{"start":{"line":13,"column":8},"end":{"line":17,"column":28}},"5":{"start":{"line":20,"column":8},"end":{"line":24,"column":27}},"6":{"start":{"line":27,"column":4},"end":{"line":28,"column":39}},"7":{"start":{"line":28,"column":8},"end":{"line":28,"column":39}},"8":{"start":{"line":30,"column":4},"end":{"line":30,"column":14}},"9":{"start":{"line":34,"column":33},"end":{"line":43,"column":1}},"10":{"start":{"line":42,"column":4},"end":{"line":42,"column":73}},"11":{"start":{"line":45,"column":34},"end":{"line":54,"column":1}},"12":{"start":{"line":46,"column":19},"end":{"line":46,"column":20}},"13":{"start":{"line":49,"column":4},"end":{"line":52,"column":5}},"14":{"start":{"line":50,"column":8},"end":{"line":51,"column":41}},"15":{"start":{"line":50,"column":26},"end":{"line":50,"column":36}},"16":{"start":{"line":51,"column":13},"end":{"line":51,"column":41}},"17":{"start":{"line":51,"column":31},"end":{"line":51,"column":41}},"18":{"start":{"line":53,"column":4},"end":{"line":53,"column":26}},"19":{"start":{"line":57,"column":33},"end":{"line":62,"column":1}},"20":{"start":{"line":58,"column":4},"end":{"line":61,"column":15}},"21":{"start":{"line":60,"column":21},"end":{"line":60,"column":36}},"22":{"start":{"line":64,"column":27},"end":{"line":68,"column":1}},"23":{"start":{"line":65,"column":4},"end":{"line":67,"column":32}},"24":{"start":{"line":70,"column":31},"end":{"line":77,"column":1}},"25":{"start":{"line":71,"column":18},"end":{"line":71,"column":68}},"26":{"start":{"line":72,"column":14},"end":{"line":72,"column":16}},"27":{"start":{"line":73,"column":4},"end":{"line":75,"column":5}},"28":{"start":{"line":74,"column":8},"end":{"line":74,"column":27}},"29":{"start":{"line":76,"column":4},"end":{"line":76,"column":15}},"30":{"start":{"line":79,"column":37},"end":{"line":87,"column":1}},"31":{"start":{"line":80,"column":21},"end":{"line":80,"column":23}},"32":{"start":{"line":81,"column":4},"end":{"line":84,"column":23}},"33":{"start":{"line":82,"column":8},"end":{"line":82,"column":23}},"34":{"start":{"line":83,"column":9},"end":{"line":84,"column":23}},"35":{"start":{"line":84,"column":8},"end":{"line":84,"column":23}},"36":{"start":{"line":86,"column":4},"end":{"line":86,"column":21}},"37":{"start":{"line":90,"column":36},"end":{"line":142,"column":1}},"38":{"start":{"line":91,"column":18},"end":{"line":91,"column":20}},"39":{"start":{"line":92,"column":14},"end":{"line":92,"column":41}},"40":{"start":{"line":93,"column":16},"end":{"line":93,"column":27}},"41":{"start":{"line":94,"column":20},"end":{"line":94,"column":60}},"42":{"start":{"line":94,"column":39},"end":{"line":94,"column":60}},"43":{"start":{"line":97,"column":4},"end":{"line":133,"column":5}},"44":{"start":{"line":101,"column":8},"end":{"line":132,"column":9}},"45":{"start":{"line":102,"column":12},"end":{"line":102,"column":36}},"46":{"start":{"line":107,"column":13},"end":{"line":132,"column":9}},"47":{"start":{"line":108,"column":12},"end":{"line":108,"column":27}},"48":{"start":{"line":113,"column":13},"end":{"line":132,"column":9}},"49":{"start":{"line":114,"column":12},"end":{"line":115,"column":49}},"50":{"start":{"line":115,"column":16},"end":{"line":115,"column":49}},"51":{"start":{"line":116,"column":12},"end":{"line":116,"column":24}},"52":{"start":{"line":122,"column":12},"end":{"line":128,"column":13}},"53":{"start":{"line":127,"column":16},"end":{"line":127,"column":49}},"54":{"start":{"line":131,"column":12},"end":{"line":131,"column":27}},"55":{"start":{"line":138,"column":4},"end":{"line":139,"column":41}},"56":{"start":{"line":139,"column":8},"end":{"line":139,"column":41}},"57":{"start":{"line":141,"column":4},"end":{"line":141,"column":26}}},"fnMap":{"0":{"name":"(anonymous_0)","decl":{"start":{"line":3,"column":33},"end":{"line":3,"column":34}},"loc":{"start":{"line":3,"column":98},"end":{"line":31,"column":1}},"line":3},"1":{"name":"(anonymous_1)","decl":{"start":{"line":34,"column":33},"end":{"line":34,"column":34}},"loc":{"start":{"line":34,"column":57},"end":{"line":43,"column":1}},"line":34},"2":{"name":"(anonymous_2)","decl":{"start":{"line":45,"column":34},"end":{"line":45,"column":35}},"loc":{"start":{"line":45,"column":58},"end":{"line":54,"column":1}},"line":45},"3":{"name":"(anonymous_3)","decl":{"start":{"line":57,"column":33},"end":{"line":57,"column":34}},"loc":{"start":{"line":57,"column":69},"end":{"line":62,"column":1}},"line":57},"4":{"name":"(anonymous_4)","decl":{"start":{"line":60,"column":16},"end":{"line":60,"column":17}},"loc":{"start":{"line":60,"column":21},"end":{"line":60,"column":36}},"line":60},"5":{"name":"(anonymous_5)","decl":{"start":{"line":64,"column":27},"end":{"line":64,"column":28}},"loc":{"start":{"line":64,"column":51},"end":{"line":68,"column":1}},"line":64},"6":{"name":"(anonymous_6)","decl":{"start":{"line":70,"column":31},"end":{"line":70,"column":32}},"loc":{"start":{"line":70,"column":55},"end":{"line":77,"column":1}},"line":70},"7":{"name":"(anonymous_7)","decl":{"start":{"line":79,"column":37},"end":{"line":79,"column":38}},"loc":{"start":{"line":79,"column":57},"end":{"line":87,"column":1}},"line":79},"8":{"name":"(anonymous_8)","decl":{"start":{"line":90,"column":36},"end":{"line":90,"column":37}},"loc":{"start":{"line":90,"column":60},"end":{"line":142,"column":1}},"line":90},"9":{"name":"(anonymous_9)","decl":{"start":{"line":94,"column":20},"end":{"line":94,"column":21}},"loc":{"start":{"line":94,"column":39},"end":{"line":94,"column":60}},"line":94}},"branchMap":{"0":{"loc":{"start":{"line":3,"column":54},"end":{"line":3,"column":76}},"type":"default-arg","locations":[{"start":{"line":3,"column":71},"end":{"line":3,"column":76}}],"line":3},"1":{"loc":{"start":{"line":3,"column":78},"end":{"line":3,"column":93}},"type":"default-arg","locations":[{"start":{"line":3,"column":88},"end":{"line":3,"column":93}}],"line":3},"2":{"loc":{"start":{"line":12,"column":4},"end":{"line":25,"column":5}},"type":"if","locations":[{"start":{"line":12,"column":4},"end":{"line":25,"column":5}},{"start":{"line":12,"column":4},"end":{"line":25,"column":5}}],"line":12},"3":{"loc":{"start":{"line":27,"column":4},"end":{"line":28,"column":39}},"type":"if","locations":[{"start":{"line":27,"column":4},"end":{"line":28,"column":39}},{"start":{"line":27,"column":4},"end":{"line":28,"column":39}}],"line":27},"4":{"loc":{"start":{"line":50,"column":8},"end":{"line":51,"column":41}},"type":"if","locations":[{"start":{"line":50,"column":8},"end":{"line":51,"column":41}},{"start":{"line":50,"column":8},"end":{"line":51,"column":41}}],"line":50},"5":{"loc":{"start":{"line":51,"column":13},"end":{"line":51,"column":41}},"type":"if","locations":[{"start":{"line":51,"column":13},"end":{"line":51,"column":41}},{"start":{"line":51,"column":13},"end":{"line":51,"column":41}}],"line":51},"6":{"loc":{"start":{"line":81,"column":4},"end":{"line":84,"column":23}},"type":"if","locations":[{"start":{"line":81,"column":4},"end":{"line":84,"column":23}},{"start":{"line":81,"column":4},"end":{"line":84,"column":23}}],"line":81},"7":{"loc":{"start":{"line":83,"column":9},"end":{"line":84,"column":23}},"type":"if","locations":[{"start":{"line":83,"column":9},"end":{"line":84,"column":23}},{"start":{"line":83,"column":9},"end":{"line":84,"column":23}}],"line":83},"8":{"loc":{"start":{"line":101,"column":8},"end":{"line":132,"column":9}},"type":"if","locations":[{"start":{"line":101,"column":8},"end":{"line":132,"column":9}},{"start":{"line":101,"column":8},"end":{"line":132,"column":9}}],"line":101},"9":{"loc":{"start":{"line":107,"column":13},"end":{"line":132,"column":9}},"type":"if","locations":[{"start":{"line":107,"column":13},"end":{"line":132,"column":9}},{"start":{"line":107,"column":13},"end":{"line":132,"column":9}}],"line":107},"10":{"loc":{"start":{"line":113,"column":13},"end":{"line":132,"column":9}},"type":"if","locations":[{"start":{"line":113,"column":13},"end":{"line":132,"column":9}},{"start":{"line":113,"column":13},"end":{"line":132,"column":9}}],"line":113},"11":{"loc":{"start":{"line":114,"column":18},"end":{"line":114,"column":56}},"type":"binary-expr","locations":[{"start":{"line":114,"column":18},"end":{"line":114,"column":34}},{"start":{"line":114,"column":38},"end":{"line":114,"column":56}}],"line":114},"12":{"loc":{"start":{"line":123,"column":16},"end":{"line":126,"column":17}},"type":"binary-expr","locations":[{"start":{"line":123,"column":16},"end":{"line":123,"column":32}},{"start":{"line":124,"column":19},"end":{"line":126,"column":17}}],"line":123}},"s":{"0":2,"1":8,"2":8,"3":8,"4":0,"5":8,"6":8,"7":4,"8":8,"9":2,"10":4,"11":2,"12":7,"13":7,"14":69,"15":9,"16":60,"17":9,"18":7,"19":2,"20":0,"21":0,"22":2,"23":8,"24":2,"25":6,"26":6,"27":6,"28":60,"29":6,"30":2,"31":14,"32":14,"33":1,"34":13,"35":7,"36":14,"37":2,"38":4,"39":4,"40":4,"41":4,"42":26,"43":4,"44":38,"45":15,"46":23,"47":6,"48":17,"49":6,"50":6,"51":6,"52":11,"53":1,"54":11,"55":4,"56":4,"57":4},"f":{"0":8,"1":4,"2":7,"3":0,"4":0,"5":8,"6":6,"7":14,"8":4,"9":26},"b":{"0":[4],"1":[8],"2":[0,8],"3":[4,4],"4":[9,60],"5":[9,51],"6":[1,13],"7":[7,6],"8":[15,23],"9":[6,17],"10":[6,11],"11":[12,12],"12":[12,7]},"_coverageSchema":"1a1c01bbd47fc00a2c39e90264f33305004495a9","hash":"423e1e926591d0c524275b98542dc42c2ed3528c"}
,"/Users/apple/Projects/Temp/calculator/sample-calculator/src/lib/calculator-core.ts": {"path":"/Users/apple/Projects/Temp/calculator/sample-calculator/src/lib/calculator-core.ts","statementMap":{"0":{"start":{"line":4,"column":26},"end":{"line":14,"column":1}},"1":{"start":{"line":7,"column":21},"end":{"line":7,"column":44}},"2":{"start":{"line":9,"column":22},"end":{"line":9,"column":51}},"3":{"start":{"line":10,"column":4},"end":{"line":10,"column":53}},"4":{"start":{"line":10,"column":35},"end":{"line":10,"column":53}},"5":{"start":{"line":11,"column":4},"end":{"line":13,"column":27}},"6":{"start":{"line":16,"column":28},"end":{"line":20,"column":1}},"7":{"start":{"line":17,"column":4},"end":{"line":19,"column":26}},"8":{"start":{"line":22,"column":19},"end":{"line":39,"column":1}},"9":{"start":{"line":23,"column":32},"end":{"line":23,"column":66}},"10":{"start":{"line":24,"column":30},"end":{"line":24,"column":64}},"11":{"start":{"line":27,"column":4},"end":{"line":36,"column":5}},"12":{"start":{"line":30,"column":23},"end":{"line":30,"column":56}},"13":{"start":{"line":31,"column":8},"end":{"line":35,"column":9}},"14":{"start":{"line":34,"column":12},"end":{"line":34,"column":36}},"15":{"start":{"line":38,"column":4},"end":{"line":38,"column":22}},"16":{"start":{"line":41,"column":23},"end":{"line":45,"column":1}},"17":{"start":{"line":42,"column":4},"end":{"line":44,"column":29}},"18":{"start":{"line":47,"column":26},"end":{"line":58,"column":1}},"19":{"start":{"line":48,"column":19},"end":{"line":48,"column":52}},"20":{"start":{"line":49,"column":4},"end":{"line":49,"column":45}},"21":{"start":{"line":49,"column":28},"end":{"line":49,"column":45}},"22":{"start":{"line":53,"column":28},"end":{"line":55,"column":20}},"23":{"start":{"line":57,"column":4},"end":{"line":57,"column":37}},"24":{"start":{"line":60,"column":29},"end":{"line":81,"column":1}},"25":{"start":{"line":61,"column":15},"end":{"line":61,"column":24}},"26":{"start":{"line":63,"column":4},"end":{"line":64,"column":49}},"27":{"start":{"line":64,"column":8},"end":{"line":64,"column":49}},"28":{"start":{"line":66,"column":4},"end":{"line":67,"column":51}},"29":{"start":{"line":67,"column":8},"end":{"line":67,"column":51}},"30":{"start":{"line":69,"column":4},"end":{"line":70,"column":37}},"31":{"start":{"line":70,"column":8},"end":{"line":70,"column":37}},"32":{"start":{"line":72,"column":4},"end":{"line":73,"column":40}},"33":{"start":{"line":73,"column":8},"end":{"line":73,"column":40}},"34":{"start":{"line":75,"column":4},"end":{"line":76,"column":38}},"35":{"start":{"line":76,"column":8},"end":{"line":76,"column":38}},"36":{"start":{"line":78,"column":4},"end":{"line":80,"column":21}},"37":{"start":{"line":84,"column":34},"end":{"line":88,"column":1}},"38":{"start":{"line":85,"column":4},"end":{"line":87,"column":13}},"39":{"start":{"line":90,"column":24},"end":{"line":104,"column":1}},"40":{"start":{"line":91,"column":14},"end":{"line":91,"column":43}},"41":{"start":{"line":92,"column":29},"end":{"line":92,"column":64}},"42":{"start":{"line":93,"column":19},"end":{"line":93,"column":42}},"43":{"start":{"line":95,"column":4},"end":{"line":101,"column":5}},"44":{"start":{"line":99,"column":18},"end":{"line":99,"column":27}},"45":{"start":{"line":100,"column":8},"end":{"line":100,"column":19}},"46":{"start":{"line":103,"column":4},"end":{"line":103,"column":47}}},"fnMap":{"0":{"name":"(anonymous_0)","decl":{"start":{"line":4,"column":26},"end":{"line":4,"column":27}},"loc":{"start":{"line":4,"column":50},"end":{"line":14,"column":1}},"line":4},"1":{"name":"(anonymous_1)","decl":{"start":{"line":16,"column":28},"end":{"line":16,"column":29}},"loc":{"start":{"line":16,"column":52},"end":{"line":20,"column":1}},"line":16},"2":{"name":"(anonymous_2)","decl":{"start":{"line":22,"column":19},"end":{"line":22,"column":20}},"loc":{"start":{"line":22,"column":43},"end":{"line":39,"column":1}},"line":22},"3":{"name":"(anonymous_3)","decl":{"start":{"line":41,"column":23},"end":{"line":41,"column":24}},"loc":{"start":{"line":41,"column":62},"end":{"line":45,"column":1}},"line":41},"4":{"name":"(anonymous_4)","decl":{"start":{"line":47,"column":26},"end":{"line":47,"column":27}},"loc":{"start":{"line":47,"column":65},"end":{"line":58,"column":1}},"line":47},"5":{"name":"(anonymous_5)","decl":{"start":{"line":60,"column":29},"end":{"line":60,"column":30}},"loc":{"start":{"line":60,"column":68},"end":{"line":81,"column":1}},"line":60},"6":{"name":"(anonymous_6)","decl":{"start":{"line":84,"column":34},"end":{"line":84,"column":35}},"loc":{"start":{"line":84,"column":52},"end":{"line":88,"column":1}},"line":84},"7":{"name":"(anonymous_7)","decl":{"start":{"line":90,"column":24},"end":{"line":90,"column":25}},"loc":{"start":{"line":90,"column":48},"end":{"line":104,"column":1}},"line":90}},"branchMap":{"0":{"loc":{"start":{"line":10,"column":4},"end":{"line":10,"column":53}},"type":"if","locations":[{"start":{"line":10,"column":4},"end":{"line":10,"column":53}},{"start":{"line":10,"column":4},"end":{"line":10,"column":53}}],"line":10},"1":{"loc":{"start":{"line":11,"column":11},"end":{"line":13,"column":26}},"type":"cond-expr","locations":[{"start":{"line":12,"column":10},"end":{"line":12,"column":27}},{"start":{"line":13,"column":10},"end":{"line":13,"column":26}}],"line":11},"2":{"loc":{"start":{"line":17,"column":11},"end":{"line":19,"column":26}},"type":"cond-expr","locations":[{"start":{"line":18,"column":10},"end":{"line":18,"column":13}},{"start":{"line":19,"column":10},"end":{"line":19,"column":26}}],"line":17},"3":{"loc":{"start":{"line":27,"column":4},"end":{"line":36,"column":5}},"type":"if","locations":[{"start":{"line":27,"column":4},"end":{"line":36,"column":5}},{"start":{"line":27,"column":4},"end":{"line":36,"column":5}}],"line":27},"4":{"loc":{"start":{"line":31,"column":8},"end":{"line":35,"column":9}},"type":"if","locations":[{"start":{"line":31,"column":8},"end":{"line":35,"column":9}},{"start":{"line":31,"column":8},"end":{"line":35,"column":9}}],"line":31},"5":{"loc":{"start":{"line":31,"column":12},"end":{"line":33,"column":31}},"type":"binary-expr","locations":[{"start":{"line":31,"column":12},"end":{"line":31,"column":49}},{"start":{"line":32,"column":15},"end":{"line":32,"column":31}},{"start":{"line":33,"column":15},"end":{"line":33,"column":31}}],"line":31},"6":{"loc":{"start":{"line":42,"column":11},"end":{"line":44,"column":28}},"type":"cond-expr","locations":[{"start":{"line":43,"column":10},"end":{"line":43,"column":15}},{"start":{"line":44,"column":10},"end":{"line":44,"column":28}}],"line":42},"7":{"loc":{"start":{"line":49,"column":4},"end":{"line":49,"column":45}},"type":"if","locations":[{"start":{"line":49,"column":4},"end":{"line":49,"column":45}},{"start":{"line":49,"column":4},"end":{"line":49,"column":45}}],"line":49},"8":{"loc":{"start":{"line":53,"column":28},"end":{"line":55,"column":20}},"type":"cond-expr","locations":[{"start":{"line":54,"column":10},"end":{"line":54,"column":56}},{"start":{"line":55,"column":10},"end":{"line":55,"column":20}}],"line":53},"9":{"loc":{"start":{"line":53,"column":28},"end":{"line":53,"column":84}},"type":"binary-expr","locations":[{"start":{"line":53,"column":28},"end":{"line":53,"column":64}},{"start":{"line":53,"column":68},"end":{"line":53,"column":84}}],"line":53},"10":{"loc":{"start":{"line":63,"column":4},"end":{"line":64,"column":49}},"type":"if","locations":[{"start":{"line":63,"column":4},"end":{"line":64,"column":49}},{"start":{"line":63,"column":4},"end":{"line":64,"column":49}}],"line":63},"11":{"loc":{"start":{"line":66,"column":4},"end":{"line":67,"column":51}},"type":"if","locations":[{"start":{"line":66,"column":4},"end":{"line":67,"column":51}},{"start":{"line":66,"column":4},"end":{"line":67,"column":51}}],"line":66},"12":{"loc":{"start":{"line":69,"column":4},"end":{"line":70,"column":37}},"type":"if","locations":[{"start":{"line":69,"column":4},"end":{"line":70,"column":37}},{"start":{"line":69,"column":4},"end":{"line":70,"column":37}}],"line":69},"13":{"loc":{"start":{"line":72,"column":4},"end":{"line":73,"column":40}},"type":"if","locations":[{"start":{"line":72,"column":4},"end":{"line":73,"column":40}},{"start":{"line":72,"column":4},"end":{"line":73,"column":40}}],"line":72},"14":{"loc":{"start":{"line":75,"column":4},"end":{"line":76,"column":38}},"type":"if","locations":[{"start":{"line":75,"column":4},"end":{"line":76,"column":38}},{"start":{"line":75,"column":4},"end":{"line":76,"column":38}}],"line":75},"15":{"loc":{"start":{"line":78,"column":11},"end":{"line":80,"column":20}},"type":"cond-expr","locations":[{"start":{"line":79,"column":10},"end":{"line":79,"column":14}},{"start":{"line":80,"column":10},"end":{"line":80,"column":20}}],"line":78},"16":{"loc":{"start":{"line":85,"column":11},"end":{"line":87,"column":13}},"type":"cond-expr","locations":[{"start":{"line":86,"column":10},"end":{"line":86,"column":44}},{"start":{"line":87,"column":10},"end":{"line":87,"column":13}}],"line":85},"17":{"loc":{"start":{"line":95,"column":4},"end":{"line":101,"column":5}},"type":"if","locations":[{"start":{"line":95,"column":4},"end":{"line":101,"column":5}},{"start":{"line":95,"column":4},"end":{"line":101,"column":5}}],"line":95},"18":{"loc":{"start":{"line":95,"column":8},"end":{"line":97,"column":30}},"type":"binary-expr","locations":[{"start":{"line":95,"column":8},"end":{"line":95,"column":45}},{"start":{"line":96,"column":11},"end":{"line":96,"column":34}},{"start":{"line":97,"column":11},"end":{"line":97,"column":30}}],"line":95}},"s":{"0":1,"1":4,"2":4,"3":4,"4":1,"5":3,"6":1,"7":3,"8":1,"9":0,"10":0,"11":0,"12":0,"13":0,"14":0,"15":0,"16":1,"17":0,"18":1,"19":0,"20":0,"21":0,"22":0,"23":0,"24":1,"25":0,"26":0,"27":0,"28":0,"29":0,"30":0,"31":0,"32":0,"33":0,"34":0,"35":0,"36":0,"37":1,"38":0,"39":1,"40":4,"41":4,"42":4,"43":4,"44":2,"45":2,"46":2},"f":{"0":4,"1":3,"2":0,"3":0,"4":0,"5":0,"6":0,"7":4},"b":{"0":[1,3],"1":[1,2],"2":[1,2],"3":[0,0],"4":[0,0],"5":[0,0,0],"6":[0,0],"7":[0,0],"8":[0,0],"9":[0,0],"10":[0,0],"11":[0,0],"12":[0,0],"13":[0,0],"14":[0,0],"15":[0,0],"16":[0,0],"17":[2,2],"18":[4,3,2]},"_coverageSchema":"1a1c01bbd47fc00a2c39e90264f33305004495a9","hash":"42b47f4d15d6a7392cabef7512255a52a273e01d"}
,"/Users/apple/Projects/Temp/calculator/sample-calculator/src/lib/stack.ts": {"path":"/Users/apple/Projects/Temp/calculator/sample-calculator/src/lib/stack.ts","statementMap":{"0":{"start":{"line":5,"column":8},"end":{"line":5,"column":24}},"1":{"start":{"line":9,"column":8},"end":{"line":9,"column":39}},"2":{"start":{"line":12,"column":8},"end":{"line":12,"column":65}},"3":{"start":{"line":12,"column":27},"end":{"line":12,"column":65}},"4":{"start":{"line":13,"column":8},"end":{"line":15,"column":20}},"5":{"start":{"line":19,"column":8},"end":{"line":21,"column":24}},"6":{"start":{"line":25,"column":8},"end":{"line":25,"column":65}},"7":{"start":{"line":25,"column":27},"end":{"line":25,"column":65}},"8":{"start":{"line":26,"column":8},"end":{"line":26,"column":49}}},"fnMap":{"0":{"name":"(anonymous_0)","decl":{"start":{"line":4,"column":4},"end":{"line":4,"column":5}},"loc":{"start":{"line":4,"column":18},"end":{"line":6,"column":5}},"line":4},"1":{"name":"(anonymous_1)","decl":{"start":{"line":8,"column":4},"end":{"line":8,"column":5}},"loc":{"start":{"line":8,"column":14},"end":{"line":10,"column":5}},"line":8},"2":{"name":"(anonymous_2)","decl":{"start":{"line":11,"column":4},"end":{"line":11,"column":5}},"loc":{"start":{"line":11,"column":10},"end":{"line":16,"column":5}},"line":11},"3":{"name":"(anonymous_3)","decl":{"start":{"line":18,"column":4},"end":{"line":18,"column":5}},"loc":{"start":{"line":18,"column":24},"end":{"line":22,"column":5}},"line":18},"4":{"name":"(anonymous_4)","decl":{"start":{"line":24,"column":4},"end":{"line":24,"column":5}},"loc":{"start":{"line":24,"column":10},"end":{"line":27,"column":5}},"line":24}},"branchMap":{"0":{"loc":{"start":{"line":12,"column":8},"end":{"line":12,"column":65}},"type":"if","locations":[{"start":{"line":12,"column":8},"end":{"line":12,"column":65}},{"start":{"line":12,"column":8},"end":{"line":12,"column":65}}],"line":12},"1":{"loc":{"start":{"line":25,"column":8},"end":{"line":25,"column":65}},"type":"if","locations":[{"start":{"line":25,"column":8},"end":{"line":25,"column":65}},{"start":{"line":25,"column":8},"end":{"line":25,"column":65}}],"line":25}},"s":{"0":4,"1":68,"2":17,"3":0,"4":17,"5":17,"6":19,"7":0,"8":19},"f":{"0":4,"1":68,"2":17,"3":17,"4":19},"b":{"0":[0,17],"1":[0,19]},"_coverageSchema":"1a1c01bbd47fc00a2c39e90264f33305004495a9","hash":"485bc1be82035aea3fe55b3bd29e57cdb287be75"}
}
