TN:
SF:src/data.ts
FNF:0
FNH:0
DA:1,1
DA:13,1
DA:14,1
DA:15,1
LF:4
LH:4
BRF:0
BRH:0
end_of_record
TN:
SF:src/utils.ts
FN:3,(anonymous_0)
FN:34,(anonymous_1)
FN:45,(anonymous_2)
FN:57,(anonymous_3)
FN:60,(anonymous_4)
FN:64,(anonymous_5)
FN:70,(anonymous_6)
FN:79,(anonymous_7)
FN:90,(anonymous_8)
FN:94,(anonymous_9)
FNF:10
FNH:8
FNDA:8,(anonymous_0)
FNDA:4,(anonymous_1)
FNDA:7,(anonymous_2)
FNDA:0,(anonymous_3)
FNDA:0,(anonymous_4)
FNDA:8,(anonymous_5)
FNDA:6,(anonymous_6)
FNDA:14,(anonymous_7)
FNDA:4,(anonymous_8)
FNDA:26,(anonymous_9)
DA:3,2
DA:4,8
DA:5,8
DA:12,8
DA:13,0
DA:20,8
DA:27,8
DA:28,4
DA:30,8
DA:34,2
DA:42,4
DA:45,2
DA:46,7
DA:49,7
DA:50,69
DA:51,60
DA:53,7
DA:57,2
DA:58,0
DA:60,0
DA:64,2
DA:65,8
DA:70,2
DA:71,6
DA:72,6
DA:73,6
DA:74,60
DA:76,6
DA:79,2
DA:80,14
DA:81,14
DA:82,1
DA:83,13
DA:84,7
DA:86,14
DA:90,2
DA:91,4
DA:92,4
DA:93,4
DA:94,26
DA:97,4
DA:101,38
DA:102,15
DA:107,23
DA:108,6
DA:113,17
DA:114,6
DA:115,6
DA:116,6
DA:122,11
DA:127,1
DA:131,11
DA:138,4
DA:139,4
DA:141,4
LF:55
LH:52
BRDA:3,0,0,4
BRDA:3,1,0,8
BRDA:12,2,0,0
BRDA:12,2,1,8
BRDA:27,3,0,4
BRDA:27,3,1,4
BRDA:50,4,0,9
BRDA:50,4,1,60
BRDA:51,5,0,9
BRDA:51,5,1,51
BRDA:81,6,0,1
BRDA:81,6,1,13
BRDA:83,7,0,7
BRDA:83,7,1,6
BRDA:101,8,0,15
BRDA:101,8,1,23
BRDA:107,9,0,6
BRDA:107,9,1,17
BRDA:113,10,0,6
BRDA:113,10,1,11
BRDA:114,11,0,12
BRDA:114,11,1,12
BRDA:123,12,0,12
BRDA:123,12,1,7
BRF:24
BRH:23
end_of_record
TN:
SF:src/lib/calculator-core.ts
FN:4,(anonymous_0)
FN:16,(anonymous_1)
FN:22,(anonymous_2)
FN:41,(anonymous_3)
FN:47,(anonymous_4)
FN:60,(anonymous_5)
FN:84,(anonymous_6)
FN:90,(anonymous_7)
FNF:8
FNH:3
FNDA:4,(anonymous_0)
FNDA:3,(anonymous_1)
FNDA:0,(anonymous_2)
FNDA:0,(anonymous_3)
FNDA:0,(anonymous_4)
FNDA:0,(anonymous_5)
FNDA:0,(anonymous_6)
FNDA:4,(anonymous_7)
DA:4,1
DA:7,4
DA:9,4
DA:10,4
DA:11,3
DA:16,1
DA:17,3
DA:22,1
DA:23,0
DA:24,0
DA:27,0
DA:30,0
DA:31,0
DA:34,0
DA:38,0
DA:41,1
DA:42,0
DA:47,1
DA:48,0
DA:49,0
DA:53,0
DA:57,0
DA:60,1
DA:61,0
DA:63,0
DA:64,0
DA:66,0
DA:67,0
DA:69,0
DA:70,0
DA:72,0
DA:73,0
DA:75,0
DA:76,0
DA:78,0
DA:84,1
DA:85,0
DA:90,1
DA:91,4
DA:92,4
DA:93,4
DA:95,4
DA:99,2
DA:100,2
DA:103,2
LF:45
LH:20
BRDA:10,0,0,1
BRDA:10,0,1,3
BRDA:11,1,0,1
BRDA:11,1,1,2
BRDA:17,2,0,1
BRDA:17,2,1,2
BRDA:27,3,0,0
BRDA:27,3,1,0
BRDA:31,4,0,0
BRDA:31,4,1,0
BRDA:31,5,0,0
BRDA:31,5,1,0
BRDA:31,5,2,0
BRDA:42,6,0,0
BRDA:42,6,1,0
BRDA:49,7,0,0
BRDA:49,7,1,0
BRDA:53,8,0,0
BRDA:53,8,1,0
BRDA:53,9,0,0
BRDA:53,9,1,0
BRDA:63,10,0,0
BRDA:63,10,1,0
BRDA:66,11,0,0
BRDA:66,11,1,0
BRDA:69,12,0,0
BRDA:69,12,1,0
BRDA:72,13,0,0
BRDA:72,13,1,0
BRDA:75,14,0,0
BRDA:75,14,1,0
BRDA:78,15,0,0
BRDA:78,15,1,0
BRDA:85,16,0,0
BRDA:85,16,1,0
BRDA:95,17,0,2
BRDA:95,17,1,2
BRDA:95,18,0,4
BRDA:95,18,1,3
BRDA:95,18,2,2
BRF:40
BRH:11
end_of_record
TN:
SF:src/lib/stack.ts
FN:4,(anonymous_0)
FN:8,(anonymous_1)
FN:11,(anonymous_2)
FN:18,(anonymous_3)
FN:24,(anonymous_4)
FNF:5
FNH:5
FNDA:4,(anonymous_0)
FNDA:68,(anonymous_1)
FNDA:17,(anonymous_2)
FNDA:17,(anonymous_3)
FNDA:19,(anonymous_4)
DA:5,4
DA:9,68
DA:12,17
DA:13,17
DA:19,17
DA:25,19
DA:26,19
LF:7
LH:7
BRDA:12,0,0,0
BRDA:12,0,1,17
BRDA:25,1,0,0
BRDA:25,1,1,19
BRF:4
BRH:2
end_of_record
